<?xml version="1.0" encoding="UTF-8"?>
<!-- Generated by org.testng.reporters.JUnitXMLReporter -->
<testsuite hostname="LAPTOP-JEI8AS0O" ignored="0" name="Test" tests="6" failures="3" timestamp="2020-09-06T14:47:48 EDT" time="96.468" errors="0">
  <testcase name="LoginTestInvalidUser" time="16.286" classname="tests.TestCaseOne">
    <failure type="java.lang.AssertionError" message="expected [true] but found [false]">
      <![CDATA[java.lang.AssertionError: expected [true] but found [false]
at tests.TestCaseOne.LoginTestInvalidUser(TestCaseOne.java:32)
at java.util.ArrayList.forEach(ArrayList.java:1257)
... Removed 33 stack frames]]>
    </failure>
  </testcase> <!-- LoginTestInvalidUser -->
  <testcase name="LoginTestSuccess" time="3.636" classname="tests.TestCaseOne"/>
  <testcase name="LoginTestInvalidUser" time="16.123" classname="tests.TestCaseTwo">
    <failure type="java.lang.AssertionError" message="expected [true] but found [false]">
      <![CDATA[java.lang.AssertionError: expected [true] but found [false]
at tests.TestCaseTwo.LoginTestInvalidUser(TestCaseTwo.java:32)
at java.util.ArrayList.forEach(ArrayList.java:1257)
... Removed 33 stack frames]]>
    </failure>
  </testcase> <!-- LoginTestInvalidUser -->
  <testcase name="LoginTestSuccess" time="3.639" classname="tests.TestCaseTwo"/>
  <testcase name="LoginTestInvalidUser" time="16.153" classname="tests.TestCaseThree">
    <failure type="java.lang.AssertionError" message="expected [true] but found [false]">
      <![CDATA[java.lang.AssertionError: expected [true] but found [false]
at tests.TestCaseThree.LoginTestInvalidUser(TestCaseThree.java:32)
at java.util.ArrayList.forEach(ArrayList.java:1257)
... Removed 33 stack frames]]>
    </failure>
  </testcase> <!-- LoginTestInvalidUser -->
  <testcase name="LoginTestSuccess" time="3.204" classname="tests.TestCaseThree"/>
</testsuite> <!-- Test -->
